<?xml version="1.0" encoding="UTF-8"?>
<testsuite name="TestDataClasses" tests="1" skipped="0" failures="0" errors="0" timestamp="2019-08-10T20:42:02" hostname="gds000267-nb.carina.griddynamics.net" time="0.025">
  <properties/>
  <testcase name="testListOfPeople" classname="TestDataClasses" time="0.025"/>
  <system-out><![CDATA[]]></system-out>
  <system-err><![CDATA[]]></system-err>
</testsuite>
