<?xml version="1.0" encoding="UTF-8"?>
<testsuite name="TestFlatMap" tests="2" skipped="0" failures="0" errors="0" timestamp="2019-08-14T15:28:50" hostname="gds000267-nb.carina.griddynamics.net" time="0.051">
  <properties/>
  <testcase name="testGetOrderedProductsSet" classname="TestFlatMap" time="0.048"/>
  <testcase name="testGetAllOrderedProducts" classname="TestFlatMap" time="0.002"/>
  <system-out><![CDATA[]]></system-out>
  <system-err><![CDATA[]]></system-err>
</testsuite>
