<?xml version="1.0" encoding="UTF-8"?>
<testsuite name="TestIntroduction" tests="1" skipped="0" failures="0" errors="0" timestamp="2019-08-14T15:16:07" hostname="gds000267-nb.carina.griddynamics.net" time="0.053">
  <properties/>
  <testcase name="testSetOfCustomers" classname="TestIntroduction" time="0.053"/>
  <system-out><![CDATA[]]></system-out>
  <system-err><![CDATA[]]></system-err>
</testsuite>
