<?xml version="1.0" encoding="UTF-8"?>
<testsuite name="TestComparison" tests="2" skipped="0" failures="0" errors="0" timestamp="2019-08-14T13:59:16" hostname="gds000267-nb.carina.griddynamics.net" time="0.013">
  <properties/>
  <testcase name="testAfter" classname="TestComparison" time="0.008"/>
  <testcase name="testBefore" classname="TestComparison" time="0.001"/>
  <system-out><![CDATA[]]></system-out>
  <system-err><![CDATA[]]></system-err>
</testsuite>
