<?xml version="1.0" encoding="UTF-8"?>
<testsuite name="TestStart" tests="1" skipped="0" failures="0" errors="0" timestamp="2019-08-10T20:50:50" hostname="gds000267-nb.carina.griddynamics.net" time="0.006">
  <properties/>
  <testcase name="testOk" classname="TestStart" time="0.006"/>
  <system-out><![CDATA[]]></system-out>
  <system-err><![CDATA[]]></system-err>
</testsuite>
