<?xml version="1.0" encoding="UTF-8"?>
<testsuite name="TestObjectExpressions" tests="1" skipped="0" failures="0" errors="0" timestamp="2019-08-14T15:07:35" hostname="gds000267-nb.carina.griddynamics.net" time="0.025">
  <properties/>
  <testcase name="testSort" classname="TestObjectExpressions" time="0.025"/>
  <system-out><![CDATA[]]></system-out>
  <system-err><![CDATA[]]></system-err>
</testsuite>
