<?xml version="1.0" encoding="UTF-8"?>
<testsuite name="TestLambdas" tests="2" skipped="0" failures="0" errors="0" timestamp="2019-08-10T19:58:53" hostname="gds000267-nb.carina.griddynamics.net" time="0.024">
  <properties/>
  <testcase name="contains" classname="TestLambdas" time="0.024"/>
  <testcase name="notContains" classname="TestLambdas" time="0.0"/>
  <system-out><![CDATA[]]></system-out>
  <system-err><![CDATA[]]></system-err>
</testsuite>
