<?xml version="1.0" encoding="UTF-8"?>
<testsuite name="TestExtensionFunctions" tests="2" skipped="0" failures="0" errors="0" timestamp="2019-08-14T13:07:04" hostname="gds000267-nb.carina.griddynamics.net" time="0.014">
  <properties/>
  <testcase name="testPairExtension" classname="TestExtensionFunctions" time="0.013"/>
  <testcase name="testIntExtension" classname="TestExtensionFunctions" time="0.0"/>
  <system-out><![CDATA[]]></system-out>
  <system-err><![CDATA[]]></system-err>
</testsuite>
