<?xml version="1.0" encoding="UTF-8"?>
<testsuite name="TestRangeTo" tests="1" skipped="0" failures="0" errors="0" timestamp="2019-08-14T14:18:49" hostname="gds000267-nb.carina.griddynamics.net" time="0.01">
  <properties/>
  <testcase name="testInRange" classname="TestRangeTo" time="0.01"/>
  <system-out><![CDATA[]]></system-out>
  <system-err><![CDATA[]]></system-err>
</testsuite>
