<?xml version="1.0" encoding="UTF-8"?>
<testsuite name="TestGroupBy" tests="1" skipped="0" failures="0" errors="0" timestamp="2019-08-14T15:39:43" hostname="gds000267-nb.carina.griddynamics.net" time="0.045">
  <properties/>
  <testcase name="testGroupCustomersByCity" classname="TestGroupBy" time="0.045"/>
  <system-out><![CDATA[]]></system-out>
  <system-err><![CDATA[]]></system-err>
</testsuite>
